Arguments: 
  /usr/local/bin/node /usr/local/Cellar/yarn/1.17.3/libexec/bin/yarn.js

PATH: 
  /Users/vdenisov/.local/bin:/usr/local/bin:/usr/local/sbin:/Users/vdenisov/.yarn/bin:/usr/local/bin:/usr/bin:/bin:/usr/sbin:/sbin:/usr/local/go/bin:/usr/local/MacGPG2/bin:/Library/Frameworks/Mono.framework/Versions/Current/Commands:/Users/bfg/arc/arcanist/bin:/Users/vdenisov/go/bin:/usr/local/opt/go/libexec/bin

Yarn version: 
  1.17.3

Node version: 
  10.15.3

Platform: 
  darwin x64

Trace: 
  SyntaxError: /Users/vdenisov/projects/datepicker/package.json: Unexpected token } in JSON at position 663
      at JSON.parse (<anonymous>)
      at /usr/local/Cellar/yarn/1.17.3/libexec/lib/cli.js:1625:59
      at Generator.next (<anonymous>)
      at step (/usr/local/Cellar/yarn/1.17.3/libexec/lib/cli.js:304:30)
      at /usr/local/Cellar/yarn/1.17.3/libexec/lib/cli.js:315:13

npm manifest: 
  {
    "name": "plag-datepicker",
    "version": "1.0.0",
    "main": "index.js",
    "repository": "git@github.com:plag/datepicker.git",
    "author": "Victor Denisov <mr.plag@gmail.com>",
    "license": "MIT",
    "dependencies": {
      "date-fns": "^1.30.1"
    },
    "scripts": {
      "prepare-lib": "babel --extensions \".ts\" src --out-dir lib/"
    },
    "devDependencies": {
      "@babel/cli": "^7.5.5",
      "@babel/core": "^7.5.5",
      "@babel/preset-env": "^7.5.5",
      "@babel/preset-typescript": "^7.3.3",
      "@typescript-eslint/eslint-plugin": "^1.13.0",
      "@typescript-eslint/parser": "^1.13.0",
      "babel-plugin-module-resolver": "^3.2.0",
      "eslint": "^6.1.0"
    },
  }

yarn manifest: 
  No manifest

Lockfile: 
  No lockfile
